# JRE version: OpenJDK Runtime Environment (11.0.12+7) (build 11.0.12+7-b1504.28-7817840)
# Java VM: OpenJDK 64-Bit Server VM (11.0.12+7-b1504.28-7817840, mixed mode, tiered, compressed oops, g1 gc, windows-amd64)
Heap:
 garbage-first heap   total 187392K, used 140403K [0x0000000080000000, 0x0000000100000000)
  region size 1024K, 57 young (58368K), 6 survivors (6144K)
 Metaspace       used 76882K, capacity 79072K, committed 79232K, reserved 1118208K
  class space    used 9788K, capacity 10516K, committed 10624K, reserved 1048576K
GC Heap History (20 events):
Event: 307.352 GC heap after
{Heap after GC invocations=103 (full 0):
 garbage-first heap   total 95232K, used 78263K [0x0000000080000000, 0x0000000100000000)
  region size 1024K, 1 young (1024K), 1 survivors (1024K)
 Metaspace       used 54391K, capacity 56012K, committed 56064K, reserved 1097728K
  class space    used 7095K, capacity 7650K, committed 7680K, reserved 1048576K
}
Event: 307.436 GC heap before
{Heap before GC invocations=103 (full 0):
 garbage-first heap   total 95232K, used 81335K [0x0000000080000000, 0x0000000100000000)
  region size 1024K, 4 young (4096K), 1 survivors (1024K)
 Metaspace       used 54400K, capacity 56012K, committed 56064K, reserved 1097728K
  class space    used 7095K, capacity 7650K, committed 7680K, reserved 1048576K
}
Event: 307.439 GC heap after
{Heap after GC invocations=104 (full 0):
 garbage-first heap   total 95232K, used 78264K [0x0000000080000000, 0x0000000100000000)
  region size 1024K, 1 young (1024K), 1 survivors (1024K)
 Metaspace       used 54400K, capacity 56012K, committed 56064K, reserved 1097728K
  class space    used 7095K, capacity 7650K, committed 7680K, reserved 1048576K
}
Event: 307.741 GC heap before
{Heap before GC invocations=105 (full 0):
 garbage-first heap   total 95232K, used 81336K [0x0000000080000000, 0x0000000100000000)
  region size 1024K, 4 young (4096K), 1 survivors (1024K)
 Metaspace       used 54421K, capacity 56012K, committed 56064K, reserved 1097728K
  class space    used 7095K, capacity 7650K, committed 7680K, reserved 1048576K
}
Event: 307.744 GC heap after
{Heap after GC invocations=106 (full 0):
 garbage-first heap   total 95232K, used 78295K [0x0000000080000000, 0x0000000100000000)
  region size 1024K, 1 young (1024K), 1 survivors (1024K)
 Metaspace       used 54421K, capacity 56012K, committed 56064K, reserved 1097728K
  class space    used 7095K, capacity 7650K, committed 7680K, reserved 1048576K
}
Event: 307.840 GC heap before
{Heap before GC invocations=106 (full 0):
 garbage-first heap   total 95232K, used 81367K [0x0000000080000000, 0x0000000100000000)
  region size 1024K, 4 young (4096K), 1 survivors (1024K)
 Metaspace       used 54433K, capacity 56012K, committed 56064K, reserved 1097728K
  class space    used 7095K, capacity 7650K, committed 7680K, reserved 1048576K
}
Event: 307.844 GC heap after
{Heap after GC invocations=107 (full 0):
 garbage-first heap   total 95232K, used 78409K [0x0000000080000000, 0x0000000100000000)
  region size 1024K, 1 young (1024K), 1 survivors (1024K)
 Metaspace       used 54433K, capacity 56012K, committed 56064K, reserved 1097728K
  class space    used 7095K, capacity 7650K, committed 7680K, reserved 1048576K
}
Event: 308.344 GC heap before
{Heap before GC invocations=108 (full 0):
 garbage-first heap   total 95232K, used 81481K [0x0000000080000000, 0x0000000100000000)
  region size 1024K, 4 young (4096K), 1 survivors (1024K)
 Metaspace       used 54645K, capacity 56276K, committed 56448K, reserved 1097728K
  class space    used 7120K, capacity 7695K, committed 7808K, reserved 1048576K
}
Event: 308.348 GC heap after
{Heap after GC invocations=109 (full 0):
 garbage-first heap   total 95232K, used 78532K [0x0000000080000000, 0x0000000100000000)
  region size 1024K, 1 young (1024K), 1 survivors (1024K)
 Metaspace       used 54645K, capacity 56276K, committed 56448K, reserved 1097728K
  class space    used 7120K, capacity 7695K, committed 7808K, reserved 1048576K
}
Event: 308.973 GC heap before
{Heap before GC invocations=109 (full 0):
 garbage-first heap   total 95232K, used 81604K [0x0000000080000000, 0x0000000100000000)
  region size 1024K, 4 young (4096K), 1 survivors (1024K)
 Metaspace       used 55138K, capacity 56806K, committed 56960K, reserved 1097728K
  class space    used 7171K, capacity 7744K, committed 7808K, reserved 1048576K
}
Event: 309.081 GC heap after
{Heap after GC invocations=110 (full 0):
 garbage-first heap   total 95232K, used 78729K [0x0000000080000000, 0x0000000100000000)
  region size 1024K, 1 young (1024K), 1 survivors (1024K)
 Metaspace       used 55138K, capacity 56806K, committed 56960K, reserved 1097728K
  class space    used 7171K, capacity 7744K, committed 7808K, reserved 1048576K
}
Event: 309.541 GC heap before
{Heap before GC invocations=111 (full 0):
 garbage-first heap   total 95232K, used 80777K [0x0000000080000000, 0x0000000100000000)
  region size 1024K, 4 young (4096K), 1 survivors (1024K)
 Metaspace       used 55279K, capacity 56974K, committed 57216K, reserved 1099776K
  class space    used 7188K, capacity 7778K, committed 7808K, reserved 1048576K
}
Event: 309.551 GC heap after
{Heap after GC invocations=112 (full 0):
 garbage-first heap   total 187392K, used 78936K [0x0000000080000000, 0x0000000100000000)
  region size 1024K, 1 young (1024K), 1 survivors (1024K)
 Metaspace       used 55279K, capacity 56974K, committed 57216K, reserved 1099776K
  class space    used 7188K, capacity 7778K, committed 7808K, reserved 1048576K
}
Event: 337.463 GC heap before
{Heap before GC invocations=112 (full 0):
 garbage-first heap   total 187392K, used 127064K [0x0000000080000000, 0x0000000100000000)
  region size 1024K, 48 young (49152K), 1 survivors (1024K)
 Metaspace       used 61764K, capacity 63527K, committed 63744K, reserved 1103872K
  class space    used 7994K, capacity 8616K, committed 8704K, reserved 1048576K
}
Event: 337.482 GC heap after
{Heap after GC invocations=113 (full 0):
 garbage-first heap   total 187392K, used 81091K [0x0000000080000000, 0x0000000100000000)
  region size 1024K, 3 young (3072K), 3 survivors (3072K)
 Metaspace       used 61764K, capacity 63527K, committed 63744K, reserved 1103872K
  class space    used 7994K, capacity 8616K, committed 8704K, reserved 1048576K
}
Event: 358.244 GC heap before
{Heap before GC invocations=113 (full 0):
 garbage-first heap   total 187392K, used 130243K [0x0000000080000000, 0x0000000100000000)
  region size 1024K, 52 young (53248K), 3 survivors (3072K)
 Metaspace       used 69227K, capacity 71197K, committed 71296K, reserved 1112064K
  class space    used 8842K, capacity 9548K, committed 9600K, reserved 1048576K
}
Event: 358.266 GC heap after
{Heap after GC invocations=114 (full 0):
 garbage-first heap   total 187392K, used 85008K [0x0000000080000000, 0x0000000100000000)
  region size 1024K, 7 young (7168K), 7 survivors (7168K)
 Metaspace       used 69227K, capacity 71197K, committed 71296K, reserved 1112064K
  class space    used 8842K, capacity 9548K, committed 9600K, reserved 1048576K
}
Event: 364.379 GC heap before
{Heap before GC invocations=114 (full 0):
 garbage-first heap   total 187392K, used 136208K [0x0000000080000000, 0x0000000100000000)
  region size 1024K, 57 young (58368K), 7 survivors (7168K)
 Metaspace       used 73322K, capacity 75240K, committed 75392K, reserved 1114112K
  class space    used 9343K, capacity 10053K, committed 10112K, reserved 1048576K
}
Event: 364.415 GC heap after
{Heap after GC invocations=115 (full 0):
 garbage-first heap   total 187392K, used 88179K [0x0000000080000000, 0x0000000100000000)
  region size 1024K, 7 young (7168K), 7 survivors (7168K)
 Metaspace       used 73322K, capacity 75240K, committed 75392K, reserved 1114112K
  class space    used 9343K, capacity 10053K, committed 10112K, reserved 1048576K
}
Event: 378.060 GC heap before
{Heap before GC invocations=115 (full 0):
 garbage-first heap   total 187392K, used 140403K [0x0000000080000000, 0x0000000100000000)
  region size 1024K, 58 young (59392K), 7 survivors (7168K)
 Metaspace       used 76882K, capacity 79072K, committed 79232K, reserved 1118208K
  class space    used 9788K, capacity 10516K, committed 10624K, reserved 1048576K
}

